<?xml version="1.0" encoding="UTF-8"?>
<!-- Generated by org.testng.reporters.JUnitXMLReporter -->
<testsuite ignored="0" hostname="mahendrakodi-lambdatest-w7ghfwxdpta" failures="1" tests="3" name="Test on Chrome" time="26.028" errors="0" timestamp="01 Jul 2023 13:41:16 GMT">
  <testcase classname="com.lambda.test.Tests" name="@AfterMethod tearDown" time="0.0">
    <failure type="org.openqa.selenium.WebDriverException" message="Unable to find the session info for particular sessionId 0bc740fd2910ec1f0093b68de4b1ba51, maybe session has quit already or timed out.
Build info: version: &amp;apos;4.0.0&amp;apos;, revision: &amp;apos;3a21814679&amp;apos;
System info: host: &amp;apos;mahendrakodi-lambdatest-w7ghfwxdpta&amp;apos;, ip: &amp;apos;127.0.0.1&amp;apos;, os.name: &amp;apos;Linux&amp;apos;, os.arch: &amp;apos;amd64&amp;apos;, os.version: &amp;apos;6.1.27-060127-generic&amp;apos;, java.version: &amp;apos;11.0.19&amp;apos;
Driver info: org.openqa.selenium.remote.RemoteWebDriver
Command: [0bc740fd2910ec1f0093b68de4b1ba51, quit {}]
Capabilities {acceptInsecureCerts: false, browserName: chrome, browserVersion: 88.0.4324.104, chrome: {chromedriverVersion: 87.0.4280.20 (c99e81631faa0..., userDataDir: C:\Users\ltuser\AppData\Loc...}, goog:chromeOptions: {debuggerAddress: localhost:53643}, javascriptEnabled: true, networkConnectionEnabled: false, pageLoadStrategy: normal, platform: WINDOWS, platformName: WINDOWS, proxy: Proxy(), setWindowRect: true, strictFileInteractability: false, timeouts: {implicit: 0, pageLoad: 300000, script: 30000}, unhandledPromptBehavior: dismiss and notify, webauthn:virtualAuthenticators: true, webdriver.remote.sessionid: 0bc740fd2910ec1f0093b68de4b...}
Session ID: 0bc740fd2910ec1f0093b68de4b1ba51">
      <![CDATA[org.openqa.selenium.WebDriverException: Unable to find the session info for particular sessionId 0bc740fd2910ec1f0093b68de4b1ba51, maybe session has quit already or timed out.
Build info: version: '4.0.0', revision: '3a21814679'
System info: host: 'mahendrakodi-lambdatest-w7ghfwxdpta', ip: '127.0.0.1', os.name: 'Linux', os.arch: 'amd64', os.version: '6.1.27-060127-generic', java.version: '11.0.19'
Driver info: org.openqa.selenium.remote.RemoteWebDriver
Command: [0bc740fd2910ec1f0093b68de4b1ba51, quit {}]
Capabilities {acceptInsecureCerts: false, browserName: chrome, browserVersion: 88.0.4324.104, chrome: {chromedriverVersion: 87.0.4280.20 (c99e81631faa0..., userDataDir: C:\Users\ltuser\AppData\Loc...}, goog:chromeOptions: {debuggerAddress: localhost:53643}, javascriptEnabled: true, networkConnectionEnabled: false, pageLoadStrategy: normal, platform: WINDOWS, platformName: WINDOWS, proxy: Proxy(), setWindowRect: true, strictFileInteractability: false, timeouts: {implicit: 0, pageLoad: 300000, script: 30000}, unhandledPromptBehavior: dismiss and notify, webauthn:virtualAuthenticators: true, webdriver.remote.sessionid: 0bc740fd2910ec1f0093b68de4b...}
Session ID: 0bc740fd2910ec1f0093b68de4b1ba51
	at org.openqa.selenium.remote.codec.w3c.W3CHttpResponseCodec.createException(W3CHttpResponseCodec.java:200)
	at org.openqa.selenium.remote.codec.w3c.W3CHttpResponseCodec.decode(W3CHttpResponseCodec.java:133)
	at org.openqa.selenium.remote.codec.w3c.W3CHttpResponseCodec.decode(W3CHttpResponseCodec.java:53)
	at org.openqa.selenium.remote.HttpCommandExecutor.execute(HttpCommandExecutor.java:184)
	at org.openqa.selenium.remote.TracedCommandExecutor.execute(TracedCommandExecutor.java:39)
	at org.openqa.selenium.remote.RemoteWebDriver.execute(RemoteWebDriver.java:559)
	at org.openqa.selenium.remote.RemoteWebDriver.execute(RemoteWebDriver.java:614)
	at org.openqa.selenium.remote.RemoteWebDriver.execute(RemoteWebDriver.java:618)
	at org.openqa.selenium.remote.RemoteWebDriver.quit(RemoteWebDriver.java:455)
	at com.lambda.test.BaseClass.shutDown(BaseClass.java:41)
	at com.lambda.test.Tests.tearDown(Tests.java:27)
	at java.base/java.util.concurrent.ThreadPoolExecutor.runWorker(ThreadPoolExecutor.java:1128)
	at java.base/java.util.concurrent.ThreadPoolExecutor$Worker.run(ThreadPoolExecutor.java:628)
	at java.base/java.lang.Thread.run(Thread.java:829)
... Removed 16 stack frames]]>
    </failure>
  </testcase> <!-- @AfterMethod tearDown -->
  <testcase classname="com.lambda.test.Tests" name="@BeforeMethod setup" time="0.0">
    <skipped/>
  </testcase> <!-- @BeforeMethod setup -->
  <testcase classname="com.lambda.test.Tests" name="@AfterMethod tearDown" time="0.0">
    <skipped/>
  </testcase> <!-- @AfterMethod tearDown -->
  <testcase classname="com.lambda.test.Tests" name="scenario1" time="2.131"/>
  <testcase classname="com.lambda.test.Tests" name="scenario2" time="3.816">
    <failure type="org.openqa.selenium.WebDriverException" message="Unable to find the session info for particular sessionId 0bc740fd2910ec1f0093b68de4b1ba51, maybe session has quit already or timed out.
Build info: version: &amp;apos;4.0.0&amp;apos;, revision: &amp;apos;3a21814679&amp;apos;
System info: host: &amp;apos;mahendrakodi-lambdatest-w7ghfwxdpta&amp;apos;, ip: &amp;apos;127.0.0.1&amp;apos;, os.name: &amp;apos;Linux&amp;apos;, os.arch: &amp;apos;amd64&amp;apos;, os.version: &amp;apos;6.1.27-060127-generic&amp;apos;, java.version: &amp;apos;11.0.19&amp;apos;
Driver info: org.openqa.selenium.remote.RemoteWebDriver
Command: [0bc740fd2910ec1f0093b68de4b1ba51, actions {actions=[org.openqa.selenium.interactions.Sequence@59546107]}]
Capabilities {acceptInsecureCerts: false, browserName: chrome, browserVersion: 88.0.4324.104, chrome: {chromedriverVersion: 87.0.4280.20 (c99e81631faa0..., userDataDir: C:\Users\ltuser\AppData\Loc...}, goog:chromeOptions: {debuggerAddress: localhost:53643}, javascriptEnabled: true, networkConnectionEnabled: false, pageLoadStrategy: normal, platform: WINDOWS, platformName: WINDOWS, proxy: Proxy(), setWindowRect: true, strictFileInteractability: false, timeouts: {implicit: 0, pageLoad: 300000, script: 30000}, unhandledPromptBehavior: dismiss and notify, webauthn:virtualAuthenticators: true, webdriver.remote.sessionid: 0bc740fd2910ec1f0093b68de4b...}
Session ID: 0bc740fd2910ec1f0093b68de4b1ba51">
      <![CDATA[org.openqa.selenium.WebDriverException: Unable to find the session info for particular sessionId 0bc740fd2910ec1f0093b68de4b1ba51, maybe session has quit already or timed out.
Build info: version: '4.0.0', revision: '3a21814679'
System info: host: 'mahendrakodi-lambdatest-w7ghfwxdpta', ip: '127.0.0.1', os.name: 'Linux', os.arch: 'amd64', os.version: '6.1.27-060127-generic', java.version: '11.0.19'
Driver info: org.openqa.selenium.remote.RemoteWebDriver
Command: [0bc740fd2910ec1f0093b68de4b1ba51, actions {actions=[org.openqa.selenium.interactions.Sequence@59546107]}]
Capabilities {acceptInsecureCerts: false, browserName: chrome, browserVersion: 88.0.4324.104, chrome: {chromedriverVersion: 87.0.4280.20 (c99e81631faa0..., userDataDir: C:\Users\ltuser\AppData\Loc...}, goog:chromeOptions: {debuggerAddress: localhost:53643}, javascriptEnabled: true, networkConnectionEnabled: false, pageLoadStrategy: normal, platform: WINDOWS, platformName: WINDOWS, proxy: Proxy(), setWindowRect: true, strictFileInteractability: false, timeouts: {implicit: 0, pageLoad: 300000, script: 30000}, unhandledPromptBehavior: dismiss and notify, webauthn:virtualAuthenticators: true, webdriver.remote.sessionid: 0bc740fd2910ec1f0093b68de4b...}
Session ID: 0bc740fd2910ec1f0093b68de4b1ba51
	at org.openqa.selenium.remote.codec.w3c.W3CHttpResponseCodec.createException(W3CHttpResponseCodec.java:200)
	at org.openqa.selenium.remote.codec.w3c.W3CHttpResponseCodec.decode(W3CHttpResponseCodec.java:133)
	at org.openqa.selenium.remote.codec.w3c.W3CHttpResponseCodec.decode(W3CHttpResponseCodec.java:53)
	at org.openqa.selenium.remote.HttpCommandExecutor.execute(HttpCommandExecutor.java:184)
	at org.openqa.selenium.remote.TracedCommandExecutor.execute(TracedCommandExecutor.java:39)
	at org.openqa.selenium.remote.RemoteWebDriver.execute(RemoteWebDriver.java:559)
	at org.openqa.selenium.remote.RemoteWebDriver.perform(RemoteWebDriver.java:627)
	at org.openqa.selenium.interactions.Actions$BuiltAction.perform(Actions.java:617)
	at org.openqa.selenium.interactions.Actions.perform(Actions.java:573)
	at com.lambda.test.Tests.scenario2(Tests.java:55)
	at java.base/java.util.concurrent.Executors$RunnableAdapter.call(Executors.java:515)
	at java.base/java.util.concurrent.FutureTask.run(FutureTask.java:264)
	at java.base/java.util.concurrent.ThreadPoolExecutor.runWorker(ThreadPoolExecutor.java:1128)
	at java.base/java.util.concurrent.ThreadPoolExecutor$Worker.run(ThreadPoolExecutor.java:628)
	at java.base/java.lang.Thread.run(Thread.java:829)
... Removed 11 stack frames]]>
    </failure>
  </testcase> <!-- scenario2 -->
  <testcase classname="com.lambda.test.Tests" name="scenario3" time="0.0">
    <skipped/>
  </testcase> <!-- scenario3 -->
</testsuite> <!-- Test on Chrome -->
