<!DOCTYPE html>

<html>
  <head>
  <meta charset='utf-8'>
  <title>TestNG reports</title>

    <link type="text/css" href="testng-reports.css" rel="stylesheet" />  
    <script type="text/javascript" src="jquery-1.7.1.min.js"></script>
    <script type="text/javascript" src="testng-reports.js"></script>
    <script type="text/javascript" src="https://www.google.com/jsapi"></script>
    <script type='text/javascript'>
      google.load('visualization', '1', {packages:['table']});
      google.setOnLoadCallback(drawTable);
      var suiteTableInitFunctions = new Array();
      var suiteTableData = new Array();
    </script>
    <!--
      <script type="text/javascript" src="jquery-ui/js/jquery-ui-1.8.16.custom.min.js"></script>
     -->
  </head>

  <body>
    <div class="top-banner-root">
      <span class="top-banner-title-font">Test results</span>
      <br/>
      <span class="top-banner-font-1">1 suite, 9 failed tests</span>
    </div> <!-- top-banner-root -->
    <div class="navigator-root">
      <div class="navigator-suite-header">
        <span>All suites</span>
        <a href="#" title="Collapse/expand all the suites" class="collapse-all-link">
          <img src="collapseall.gif" class="collapse-all-icon">
          </img> <!-- collapse-all-icon -->
        </a> <!-- collapse-all-link -->
      </div> <!-- navigator-suite-header -->
      <div class="suite">
        <div class="rounded-window">
          <div class="suite-header light-rounded-window-top">
            <a href="#" panel-name="suite-Assessment" class="navigator-link">
              <span class="suite-name border-failed">Assessment</span>
            </a> <!-- navigator-link -->
          </div> <!-- suite-header light-rounded-window-top -->
          <div class="navigator-suite-content">
            <div class="suite-section-title">
              <span>Info</span>
            </div> <!-- suite-section-title -->
            <div class="suite-section-content">
              <ul>
                <li>
                  <a href="#" panel-name="test-xml-Assessment" class="navigator-link ">
                    <span>parallelTest.xml</span>
                  </a> <!-- navigator-link  -->
                </li>
                <li>
                  <a href="#" panel-name="testlist-Assessment" class="navigator-link ">
                    <span class="test-stats">4 tests</span>
                  </a> <!-- navigator-link  -->
                </li>
                <li>
                  <a href="#" panel-name="group-Assessment" class="navigator-link ">
                    <span>0 groups</span>
                  </a> <!-- navigator-link  -->
                </li>
                <li>
                  <a href="#" panel-name="times-Assessment" class="navigator-link ">
                    <span>Times</span>
                  </a> <!-- navigator-link  -->
                </li>
                <li>
                  <a href="#" panel-name="reporter-Assessment" class="navigator-link ">
                    <span>Reporter output</span>
                  </a> <!-- navigator-link  -->
                </li>
                <li>
                  <a href="#" panel-name="ignored-methods-Assessment" class="navigator-link ">
                    <span>Ignored methods</span>
                  </a> <!-- navigator-link  -->
                </li>
                <li>
                  <a href="#" panel-name="chronological-Assessment" class="navigator-link ">
                    <span>Chronological view</span>
                  </a> <!-- navigator-link  -->
                </li>
              </ul>
            </div> <!-- suite-section-content -->
            <div class="result-section">
              <div class="suite-section-title">
                <span>Results</span>
              </div> <!-- suite-section-title -->
              <div class="suite-section-content">
                <ul>
                  <li>
                    <span class="method-stats">12 methods, 9 failed,  1 skipped,  2 passed</span>
                  </li>
                  <li>
                    <span class="method-list-title failed">Failed methods</span>
                    <span class="show-or-hide-methods failed">
                      <a href="#" panel-name="suite-Assessment" class="hide-methods failed suite-Assessment"> (hide)</a> <!-- hide-methods failed suite-Assessment -->
                      <a href="#" panel-name="suite-Assessment" class="show-methods failed suite-Assessment"> (show)</a> <!-- show-methods failed suite-Assessment -->
                    </span>
                    <div class="method-list-content failed suite-Assessment">
                      <span>
                        <img src="failed.png" width="3%"/>
                        <a href="#" panel-name="suite-Assessment" title="com.lambda.test.Tests" class="method navigator-link" hash-for-method="scenario1">scenario1</a> <!-- method navigator-link -->
                      </span>
                      <br/>
                      <span>
                        <img src="failed.png" width="3%"/>
                        <a href="#" panel-name="suite-Assessment" title="com.lambda.test.Tests" class="method navigator-link" hash-for-method="scenario1">scenario1</a> <!-- method navigator-link -->
                      </span>
                      <br/>
                      <span>
                        <img src="failed.png" width="3%"/>
                        <a href="#" panel-name="suite-Assessment" title="com.lambda.test.Tests" class="method navigator-link" hash-for-method="scenario2">scenario2</a> <!-- method navigator-link -->
                      </span>
                      <br/>
                      <span>
                        <img src="failed.png" width="3%"/>
                        <a href="#" panel-name="suite-Assessment" title="com.lambda.test.Tests" class="method navigator-link" hash-for-method="scenario2">scenario2</a> <!-- method navigator-link -->
                      </span>
                      <br/>
                      <span>
                        <img src="failed.png" width="3%"/>
                        <a href="#" panel-name="suite-Assessment" title="com.lambda.test.Tests" class="method navigator-link" hash-for-method="scenario2">scenario2</a> <!-- method navigator-link -->
                      </span>
                      <br/>
                      <span>
                        <img src="failed.png" width="3%"/>
                        <a href="#" panel-name="suite-Assessment" title="com.lambda.test.Tests" class="method navigator-link" hash-for-method="scenario2">scenario2</a> <!-- method navigator-link -->
                      </span>
                      <br/>
                      <span>
                        <img src="failed.png" width="3%"/>
                        <a href="#" panel-name="suite-Assessment" title="com.lambda.test.Tests" class="method navigator-link" hash-for-method="scenario3">scenario3</a> <!-- method navigator-link -->
                      </span>
                      <br/>
                      <span>
                        <img src="failed.png" width="3%"/>
                        <a href="#" panel-name="suite-Assessment" title="com.lambda.test.Tests" class="method navigator-link" hash-for-method="scenario3">scenario3</a> <!-- method navigator-link -->
                      </span>
                      <br/>
                      <span>
                        <img src="failed.png" width="3%"/>
                        <a href="#" panel-name="suite-Assessment" title="com.lambda.test.Tests" class="method navigator-link" hash-for-method="scenario3">scenario3</a> <!-- method navigator-link -->
                      </span>
                      <br/>
                    </div> <!-- method-list-content failed suite-Assessment -->
                  </li>
                  <li>
                    <span class="method-list-title skipped">Skipped methods</span>
                    <span class="show-or-hide-methods skipped">
                      <a href="#" panel-name="suite-Assessment" class="hide-methods skipped suite-Assessment"> (hide)</a> <!-- hide-methods skipped suite-Assessment -->
                      <a href="#" panel-name="suite-Assessment" class="show-methods skipped suite-Assessment"> (show)</a> <!-- show-methods skipped suite-Assessment -->
                    </span>
                    <div class="method-list-content skipped suite-Assessment">
                      <span>
                        <img src="skipped.png" width="3%"/>
                        <a href="#" panel-name="suite-Assessment" title="com.lambda.test.Tests" class="method navigator-link" hash-for-method="scenario3">scenario3</a> <!-- method navigator-link -->
                      </span>
                      <br/>
                    </div> <!-- method-list-content skipped suite-Assessment -->
                  </li>
                  <li>
                    <span class="method-list-title passed">Passed methods</span>
                    <span class="show-or-hide-methods passed">
                      <a href="#" panel-name="suite-Assessment" class="hide-methods passed suite-Assessment"> (hide)</a> <!-- hide-methods passed suite-Assessment -->
                      <a href="#" panel-name="suite-Assessment" class="show-methods passed suite-Assessment"> (show)</a> <!-- show-methods passed suite-Assessment -->
                    </span>
                    <div class="method-list-content passed suite-Assessment">
                      <span>
                        <img src="passed.png" width="3%"/>
                        <a href="#" panel-name="suite-Assessment" title="com.lambda.test.Tests" class="method navigator-link" hash-for-method="scenario1">scenario1</a> <!-- method navigator-link -->
                      </span>
                      <br/>
                      <span>
                        <img src="passed.png" width="3%"/>
                        <a href="#" panel-name="suite-Assessment" title="com.lambda.test.Tests" class="method navigator-link" hash-for-method="scenario1">scenario1</a> <!-- method navigator-link -->
                      </span>
                      <br/>
                    </div> <!-- method-list-content passed suite-Assessment -->
                  </li>
                </ul>
              </div> <!-- suite-section-content -->
            </div> <!-- result-section -->
          </div> <!-- navigator-suite-content -->
        </div> <!-- rounded-window -->
      </div> <!-- suite -->
    </div> <!-- navigator-root -->
    <div class="wrapper">
      <div class="main-panel-root">
        <div panel-name="suite-Assessment" class="panel Assessment">
          <div class="suite-Assessment-class-failed">
            <div class="main-panel-header rounded-window-top">
              <img src="failed.png"/>
              <span class="class-name">com.lambda.test.Tests</span>
            </div> <!-- main-panel-header rounded-window-top -->
            <div class="main-panel-content rounded-window-bottom">
              <div class="method">
                <div class="method-content">
                  <a name="scenario1">
                  </a> <!-- scenario1 -->
                  <span class="method-name">scenario1</span>
                  <div class="stack-trace">java.lang.AssertionError: The following asserts failed:
	Values are not same expected [95] but found [96]
	at com.lambda.test.Tests.scenario1(Tests.java:45)
	at java.base/java.util.concurrent.Executors$RunnableAdapter.call(Executors.java:515)
	at java.base/java.util.concurrent.FutureTask.run(FutureTask.java:264)
	at java.base/java.util.concurrent.ThreadPoolExecutor.runWorker(ThreadPoolExecutor.java:1128)
	at java.base/java.util.concurrent.ThreadPoolExecutor$Worker.run(ThreadPoolExecutor.java:628)
	at java.base/java.lang.Thread.run(Thread.java:829)
... Removed 8 stack frames
</div> <!-- stack-trace -->
                </div> <!-- method-content -->
              </div> <!-- method -->
              <div class="method">
                <div class="method-content">
                  <a name="scenario1">
                  </a> <!-- scenario1 -->
                  <span class="method-name">scenario1</span>
                  <div class="stack-trace">java.lang.AssertionError: The following asserts failed:
	Values are not same expected [95] but found [96]
	at com.lambda.test.Tests.scenario1(Tests.java:45)
	at java.base/java.util.concurrent.Executors$RunnableAdapter.call(Executors.java:515)
	at java.base/java.util.concurrent.FutureTask.run(FutureTask.java:264)
	at java.base/java.util.concurrent.ThreadPoolExecutor.runWorker(ThreadPoolExecutor.java:1128)
	at java.base/java.util.concurrent.ThreadPoolExecutor$Worker.run(ThreadPoolExecutor.java:628)
	at java.base/java.lang.Thread.run(Thread.java:829)
... Removed 8 stack frames
</div> <!-- stack-trace -->
                </div> <!-- method-content -->
              </div> <!-- method -->
              <div class="method">
                <div class="method-content">
                  <a name="scenario2">
                  </a> <!-- scenario2 -->
                  <span class="method-name">scenario2</span>
                  <div class="stack-trace">org.openqa.selenium.WebDriverException: Unable to find the session info for particular sessionId 0bc740fd2910ec1f0093b68de4b1ba51, maybe session has quit already or timed out.
Build info: version: &apos;4.0.0&apos;, revision: &apos;3a21814679&apos;
System info: host: &apos;mahendrakodi-lambdatest-w7ghfwxdpta&apos;, ip: &apos;127.0.0.1&apos;, os.name: &apos;Linux&apos;, os.arch: &apos;amd64&apos;, os.version: &apos;6.1.27-060127-generic&apos;, java.version: &apos;11.0.19&apos;
Driver info: org.openqa.selenium.remote.RemoteWebDriver
Command: [0bc740fd2910ec1f0093b68de4b1ba51, actions {actions=[org.openqa.selenium.interactions.Sequence@59546107]}]
Capabilities {acceptInsecureCerts: false, browserName: chrome, browserVersion: 88.0.4324.104, chrome: {chromedriverVersion: 87.0.4280.20 (c99e81631faa0..., userDataDir: C:\Users\ltuser\AppData\Loc...}, goog:chromeOptions: {debuggerAddress: localhost:53643}, javascriptEnabled: true, networkConnectionEnabled: false, pageLoadStrategy: normal, platform: WINDOWS, platformName: WINDOWS, proxy: Proxy(), setWindowRect: true, strictFileInteractability: false, timeouts: {implicit: 0, pageLoad: 300000, script: 30000}, unhandledPromptBehavior: dismiss and notify, webauthn:virtualAuthenticators: true, webdriver.remote.sessionid: 0bc740fd2910ec1f0093b68de4b...}
Session ID: 0bc740fd2910ec1f0093b68de4b1ba51
	at org.openqa.selenium.remote.codec.w3c.W3CHttpResponseCodec.createException(W3CHttpResponseCodec.java:200)
	at org.openqa.selenium.remote.codec.w3c.W3CHttpResponseCodec.decode(W3CHttpResponseCodec.java:133)
	at org.openqa.selenium.remote.codec.w3c.W3CHttpResponseCodec.decode(W3CHttpResponseCodec.java:53)
	at org.openqa.selenium.remote.HttpCommandExecutor.execute(HttpCommandExecutor.java:184)
	at org.openqa.selenium.remote.TracedCommandExecutor.execute(TracedCommandExecutor.java:39)
	at org.openqa.selenium.remote.RemoteWebDriver.execute(RemoteWebDriver.java:559)
	at org.openqa.selenium.remote.RemoteWebDriver.perform(RemoteWebDriver.java:627)
	at org.openqa.selenium.interactions.Actions$BuiltAction.perform(Actions.java:617)
	at org.openqa.selenium.interactions.Actions.perform(Actions.java:573)
	at com.lambda.test.Tests.scenario2(Tests.java:55)
	at java.base/java.util.concurrent.Executors$RunnableAdapter.call(Executors.java:515)
	at java.base/java.util.concurrent.FutureTask.run(FutureTask.java:264)
	at java.base/java.util.concurrent.ThreadPoolExecutor.runWorker(ThreadPoolExecutor.java:1128)
	at java.base/java.util.concurrent.ThreadPoolExecutor$Worker.run(ThreadPoolExecutor.java:628)
	at java.base/java.lang.Thread.run(Thread.java:829)
... Removed 11 stack frames
</div> <!-- stack-trace -->
                </div> <!-- method-content -->
              </div> <!-- method -->
              <div class="method">
                <div class="method-content">
                  <a name="scenario2">
                  </a> <!-- scenario2 -->
                  <span class="method-name">scenario2</span>
                  <div class="stack-trace">java.lang.AssertionError: The following asserts failed:
	Values are not same expected [95] but found [96]
	at com.lambda.test.Tests.scenario2(Tests.java:58)
	at java.base/java.util.concurrent.Executors$RunnableAdapter.call(Executors.java:515)
	at java.base/java.util.concurrent.FutureTask.run(FutureTask.java:264)
	at java.base/java.util.concurrent.ThreadPoolExecutor.runWorker(ThreadPoolExecutor.java:1128)
	at java.base/java.util.concurrent.ThreadPoolExecutor$Worker.run(ThreadPoolExecutor.java:628)
	at java.base/java.lang.Thread.run(Thread.java:829)
... Removed 8 stack frames
</div> <!-- stack-trace -->
                </div> <!-- method-content -->
              </div> <!-- method -->
              <div class="method">
                <div class="method-content">
                  <a name="scenario2">
                  </a> <!-- scenario2 -->
                  <span class="method-name">scenario2</span>
                  <div class="stack-trace">java.lang.AssertionError: The following asserts failed:
	Values are not same expected [95] but found [96]
	at com.lambda.test.Tests.scenario2(Tests.java:58)
	at java.base/java.util.concurrent.Executors$RunnableAdapter.call(Executors.java:515)
	at java.base/java.util.concurrent.FutureTask.run(FutureTask.java:264)
	at java.base/java.util.concurrent.ThreadPoolExecutor.runWorker(ThreadPoolExecutor.java:1128)
	at java.base/java.util.concurrent.ThreadPoolExecutor$Worker.run(ThreadPoolExecutor.java:628)
	at java.base/java.lang.Thread.run(Thread.java:829)
... Removed 8 stack frames
</div> <!-- stack-trace -->
                </div> <!-- method-content -->
              </div> <!-- method -->
              <div class="method">
                <div class="method-content">
                  <a name="scenario2">
                  </a> <!-- scenario2 -->
                  <span class="method-name">scenario2</span>
                  <div class="stack-trace">java.lang.AssertionError: The following asserts failed:
	Values are not same expected [95] but found [96]
	at com.lambda.test.Tests.scenario2(Tests.java:58)
	at java.base/java.util.concurrent.Executors$RunnableAdapter.call(Executors.java:515)
	at java.base/java.util.concurrent.FutureTask.run(FutureTask.java:264)
	at java.base/java.util.concurrent.ThreadPoolExecutor.runWorker(ThreadPoolExecutor.java:1128)
	at java.base/java.util.concurrent.ThreadPoolExecutor$Worker.run(ThreadPoolExecutor.java:628)
	at java.base/java.lang.Thread.run(Thread.java:829)
... Removed 8 stack frames
</div> <!-- stack-trace -->
                </div> <!-- method-content -->
              </div> <!-- method -->
              <div class="method">
                <div class="method-content">
                  <a name="scenario3">
                  </a> <!-- scenario3 -->
                  <span class="method-name">scenario3</span>
                  <div class="stack-trace">java.lang.AssertionError: The following asserts failed:
	Values are not same expected [95] but found [96],
	expected [Please fill in the fields] but found [Please fill out this field.]
	at com.lambda.test.Tests.scenario3(Tests.java:90)
	at java.base/java.util.concurrent.Executors$RunnableAdapter.call(Executors.java:515)
	at java.base/java.util.concurrent.FutureTask.run(FutureTask.java:264)
	at java.base/java.util.concurrent.ThreadPoolExecutor.runWorker(ThreadPoolExecutor.java:1128)
	at java.base/java.util.concurrent.ThreadPoolExecutor$Worker.run(ThreadPoolExecutor.java:628)
	at java.base/java.lang.Thread.run(Thread.java:829)
... Removed 8 stack frames
</div> <!-- stack-trace -->
                </div> <!-- method-content -->
              </div> <!-- method -->
              <div class="method">
                <div class="method-content">
                  <a name="scenario3">
                  </a> <!-- scenario3 -->
                  <span class="method-name">scenario3</span>
                  <div class="stack-trace">java.lang.AssertionError: The following asserts failed:
	Values are not same expected [95] but found [96],
	expected [Please fill in the fields] but found [Please fill out this field.]
	at com.lambda.test.Tests.scenario3(Tests.java:90)
	at java.base/java.util.concurrent.Executors$RunnableAdapter.call(Executors.java:515)
	at java.base/java.util.concurrent.FutureTask.run(FutureTask.java:264)
	at java.base/java.util.concurrent.ThreadPoolExecutor.runWorker(ThreadPoolExecutor.java:1128)
	at java.base/java.util.concurrent.ThreadPoolExecutor$Worker.run(ThreadPoolExecutor.java:628)
	at java.base/java.lang.Thread.run(Thread.java:829)
... Removed 8 stack frames
</div> <!-- stack-trace -->
                </div> <!-- method-content -->
              </div> <!-- method -->
              <div class="method">
                <div class="method-content">
                  <a name="scenario3">
                  </a> <!-- scenario3 -->
                  <span class="method-name">scenario3</span>
                  <div class="stack-trace">java.lang.AssertionError: The following asserts failed:
	Values are not same expected [95] but found [96],
	expected [Please fill in the fields] but found [This is a required field]
	at com.lambda.test.Tests.scenario3(Tests.java:90)
	at java.base/java.util.concurrent.Executors$RunnableAdapter.call(Executors.java:515)
	at java.base/java.util.concurrent.FutureTask.run(FutureTask.java:264)
	at java.base/java.util.concurrent.ThreadPoolExecutor.runWorker(ThreadPoolExecutor.java:1128)
	at java.base/java.util.concurrent.ThreadPoolExecutor$Worker.run(ThreadPoolExecutor.java:628)
	at java.base/java.lang.Thread.run(Thread.java:829)
... Removed 8 stack frames
</div> <!-- stack-trace -->
                </div> <!-- method-content -->
              </div> <!-- method -->
            </div> <!-- main-panel-content rounded-window-bottom -->
          </div> <!-- suite-Assessment-class-failed -->
          <div class="suite-Assessment-class-skipped">
            <div class="main-panel-header rounded-window-top">
              <img src="skipped.png"/>
              <span class="class-name">com.lambda.test.Tests</span>
            </div> <!-- main-panel-header rounded-window-top -->
            <div class="main-panel-content rounded-window-bottom">
              <div class="method">
                <div class="method-content">
                  <a name="scenario3">
                  </a> <!-- scenario3 -->
                  <span class="method-name">scenario3</span>
                  <div class="stack-trace">org.openqa.selenium.WebDriverException: Unable to find the session info for particular sessionId 0bc740fd2910ec1f0093b68de4b1ba51, maybe session has quit already or timed out.
Build info: version: &apos;4.0.0&apos;, revision: &apos;3a21814679&apos;
System info: host: &apos;mahendrakodi-lambdatest-w7ghfwxdpta&apos;, ip: &apos;127.0.0.1&apos;, os.name: &apos;Linux&apos;, os.arch: &apos;amd64&apos;, os.version: &apos;6.1.27-060127-generic&apos;, java.version: &apos;11.0.19&apos;
Driver info: org.openqa.selenium.remote.RemoteWebDriver
Command: [0bc740fd2910ec1f0093b68de4b1ba51, quit {}]
Capabilities {acceptInsecureCerts: false, browserName: chrome, browserVersion: 88.0.4324.104, chrome: {chromedriverVersion: 87.0.4280.20 (c99e81631faa0..., userDataDir: C:\Users\ltuser\AppData\Loc...}, goog:chromeOptions: {debuggerAddress: localhost:53643}, javascriptEnabled: true, networkConnectionEnabled: false, pageLoadStrategy: normal, platform: WINDOWS, platformName: WINDOWS, proxy: Proxy(), setWindowRect: true, strictFileInteractability: false, timeouts: {implicit: 0, pageLoad: 300000, script: 30000}, unhandledPromptBehavior: dismiss and notify, webauthn:virtualAuthenticators: true, webdriver.remote.sessionid: 0bc740fd2910ec1f0093b68de4b...}
Session ID: 0bc740fd2910ec1f0093b68de4b1ba51
	at org.openqa.selenium.remote.codec.w3c.W3CHttpResponseCodec.createException(W3CHttpResponseCodec.java:200)
	at org.openqa.selenium.remote.codec.w3c.W3CHttpResponseCodec.decode(W3CHttpResponseCodec.java:133)
	at org.openqa.selenium.remote.codec.w3c.W3CHttpResponseCodec.decode(W3CHttpResponseCodec.java:53)
	at org.openqa.selenium.remote.HttpCommandExecutor.execute(HttpCommandExecutor.java:184)
	at org.openqa.selenium.remote.TracedCommandExecutor.execute(TracedCommandExecutor.java:39)
	at org.openqa.selenium.remote.RemoteWebDriver.execute(RemoteWebDriver.java:559)
	at org.openqa.selenium.remote.RemoteWebDriver.execute(RemoteWebDriver.java:614)
	at org.openqa.selenium.remote.RemoteWebDriver.execute(RemoteWebDriver.java:618)
	at org.openqa.selenium.remote.RemoteWebDriver.quit(RemoteWebDriver.java:455)
	at com.lambda.test.BaseClass.shutDown(BaseClass.java:41)
	at com.lambda.test.Tests.tearDown(Tests.java:27)
	at java.base/java.util.concurrent.ThreadPoolExecutor.runWorker(ThreadPoolExecutor.java:1128)
	at java.base/java.util.concurrent.ThreadPoolExecutor$Worker.run(ThreadPoolExecutor.java:628)
	at java.base/java.lang.Thread.run(Thread.java:829)
... Removed 16 stack frames
</div> <!-- stack-trace -->
                </div> <!-- method-content -->
              </div> <!-- method -->
            </div> <!-- main-panel-content rounded-window-bottom -->
          </div> <!-- suite-Assessment-class-skipped -->
          <div class="suite-Assessment-class-passed">
            <div class="main-panel-header rounded-window-top">
              <img src="passed.png"/>
              <span class="class-name">com.lambda.test.Tests</span>
            </div> <!-- main-panel-header rounded-window-top -->
            <div class="main-panel-content rounded-window-bottom">
              <div class="method">
                <div class="method-content">
                  <a name="scenario1">
                  </a> <!-- scenario1 -->
                  <span class="method-name">scenario1</span>
                </div> <!-- method-content -->
              </div> <!-- method -->
              <div class="method">
                <div class="method-content">
                  <a name="scenario1">
                  </a> <!-- scenario1 -->
                  <span class="method-name">scenario1</span>
                </div> <!-- method-content -->
              </div> <!-- method -->
            </div> <!-- main-panel-content rounded-window-bottom -->
          </div> <!-- suite-Assessment-class-passed -->
        </div> <!-- panel Assessment -->
        <div panel-name="test-xml-Assessment" class="panel">
          <div class="main-panel-header rounded-window-top">
            <span class="header-content">/workspace/LambdaTest/Selenium java 101 Assessment/test/parallelTest.xml</span>
          </div> <!-- main-panel-header rounded-window-top -->
          <div class="main-panel-content rounded-window-bottom">
            <pre>
&lt;?xml version=&quot;1.0&quot; encoding=&quot;UTF-8&quot;?&gt;
&lt;!DOCTYPE suite SYSTEM &quot;http://testng.org/testng-1.0.dtd&quot;&gt;
&lt;suite thread-count=&quot;2&quot; parallel=&quot;methods&quot; name=&quot;Assessment&quot; guice-stage=&quot;DEVELOPMENT&quot; verbose=&quot;0&quot;&gt;
  &lt;test name=&quot;Test on Chrome&quot;&gt;
    &lt;parameter name=&quot;Platform&quot; value=&quot;Windows 10&quot;/&gt;
    &lt;parameter name=&quot;Version&quot; value=&quot;88.0&quot;/&gt;
    &lt;parameter name=&quot;Browser&quot; value=&quot;Chrome&quot;/&gt;
    &lt;classes&gt;
      &lt;class name=&quot;com.lambda.test.Tests&quot;/&gt;
    &lt;/classes&gt;
  &lt;/test&gt; &lt;!-- Test on Chrome --&gt;
  &lt;test name=&quot;Test on Edge&quot;&gt;
    &lt;parameter name=&quot;Platform&quot; value=&quot;macOS Sierra&quot;/&gt;
    &lt;parameter name=&quot;Version&quot; value=&quot;87.0&quot;/&gt;
    &lt;parameter name=&quot;Browser&quot; value=&quot;MicrosoftEdge&quot;/&gt;
    &lt;classes&gt;
      &lt;class name=&quot;com.lambda.test.Tests&quot;/&gt;
    &lt;/classes&gt;
  &lt;/test&gt; &lt;!-- Test on Edge --&gt;
  &lt;test name=&quot;Test on FireFox&quot;&gt;
    &lt;parameter name=&quot;Platform&quot; value=&quot;Windows 7&quot;/&gt;
    &lt;parameter name=&quot;Version&quot; value=&quot;82.0&quot;/&gt;
    &lt;parameter name=&quot;Browser&quot; value=&quot;Firefox&quot;/&gt;
    &lt;classes&gt;
      &lt;class name=&quot;com.lambda.test.Tests&quot;/&gt;
    &lt;/classes&gt;
  &lt;/test&gt; &lt;!-- Test on FireFox --&gt;
  &lt;test name=&quot;Test on Explorer&quot;&gt;
    &lt;parameter name=&quot;Platform&quot; value=&quot;Windows 10&quot;/&gt;
    &lt;parameter name=&quot;Version&quot; value=&quot;11.0&quot;/&gt;
    &lt;parameter name=&quot;Browser&quot; value=&quot;Internet Explorer&quot;/&gt;
    &lt;classes&gt;
      &lt;class name=&quot;com.lambda.test.Tests&quot;/&gt;
    &lt;/classes&gt;
  &lt;/test&gt; &lt;!-- Test on Explorer --&gt;
&lt;/suite&gt; &lt;!-- Assessment --&gt;
            </pre>
          </div> <!-- main-panel-content rounded-window-bottom -->
        </div> <!-- panel -->
        <div panel-name="testlist-Assessment" class="panel">
          <div class="main-panel-header rounded-window-top">
            <span class="header-content">Tests for Assessment</span>
          </div> <!-- main-panel-header rounded-window-top -->
          <div class="main-panel-content rounded-window-bottom">
            <ul>
              <li>
                <span class="test-name">Test on Chrome (1 class)</span>
              </li>
              <li>
                <span class="test-name">Test on Edge (1 class)</span>
              </li>
              <li>
                <span class="test-name">Test on FireFox (1 class)</span>
              </li>
              <li>
                <span class="test-name">Test on Explorer (1 class)</span>
              </li>
            </ul>
          </div> <!-- main-panel-content rounded-window-bottom -->
        </div> <!-- panel -->
        <div panel-name="group-Assessment" class="panel">
          <div class="main-panel-header rounded-window-top">
            <span class="header-content">Groups for Assessment</span>
          </div> <!-- main-panel-header rounded-window-top -->
          <div class="main-panel-content rounded-window-bottom">
          </div> <!-- main-panel-content rounded-window-bottom -->
        </div> <!-- panel -->
        <div panel-name="times-Assessment" class="panel">
          <div class="main-panel-header rounded-window-top">
            <span class="header-content">Times for Assessment</span>
          </div> <!-- main-panel-header rounded-window-top -->
          <div class="main-panel-content rounded-window-bottom">
            <div class="times-div">
              <script type="text/javascript">
suiteTableInitFunctions.push('tableData_Assessment');
function tableData_Assessment() {
var data = new google.visualization.DataTable();
data.addColumn('number', 'Number');
data.addColumn('string', 'Method');
data.addColumn('string', 'Class');
data.addColumn('number', 'Time (ms)');
data.addRows(12);
data.setCell(0, 0, 0)
data.setCell(0, 1, 'scenario3')
data.setCell(0, 2, 'com.lambda.test.Tests')
data.setCell(0, 3, 9256);
data.setCell(1, 0, 1)
data.setCell(1, 1, 'scenario2')
data.setCell(1, 2, 'com.lambda.test.Tests')
data.setCell(1, 3, 8992);
data.setCell(2, 0, 2)
data.setCell(2, 1, 'scenario2')
data.setCell(2, 2, 'com.lambda.test.Tests')
data.setCell(2, 3, 8455);
data.setCell(3, 0, 3)
data.setCell(3, 1, 'scenario3')
data.setCell(3, 2, 'com.lambda.test.Tests')
data.setCell(3, 3, 8357);
data.setCell(4, 0, 4)
data.setCell(4, 1, 'scenario2')
data.setCell(4, 2, 'com.lambda.test.Tests')
data.setCell(4, 3, 4822);
data.setCell(5, 0, 5)
data.setCell(5, 1, 'scenario3')
data.setCell(5, 2, 'com.lambda.test.Tests')
data.setCell(5, 3, 4109);
data.setCell(6, 0, 6)
data.setCell(6, 1, 'scenario2')
data.setCell(6, 2, 'com.lambda.test.Tests')
data.setCell(6, 3, 3816);
data.setCell(7, 0, 7)
data.setCell(7, 1, 'scenario1')
data.setCell(7, 2, 'com.lambda.test.Tests')
data.setCell(7, 3, 2670);
data.setCell(8, 0, 8)
data.setCell(8, 1, 'scenario1')
data.setCell(8, 2, 'com.lambda.test.Tests')
data.setCell(8, 3, 2131);
data.setCell(9, 0, 9)
data.setCell(9, 1, 'scenario1')
data.setCell(9, 2, 'com.lambda.test.Tests')
data.setCell(9, 3, 2015);
data.setCell(10, 0, 10)
data.setCell(10, 1, 'scenario1')
data.setCell(10, 2, 'com.lambda.test.Tests')
data.setCell(10, 3, 1483);
data.setCell(11, 0, 11)
data.setCell(11, 1, 'scenario3')
data.setCell(11, 2, 'com.lambda.test.Tests')
data.setCell(11, 3, 0);
window.suiteTableData['Assessment']= { tableData: data, tableDiv: 'times-div-Assessment'}
return data;
}
              </script>
              <span class="suite-total-time">Total running time: 56 seconds</span>
              <div id="times-div-Assessment">
              </div> <!-- times-div-Assessment -->
            </div> <!-- times-div -->
          </div> <!-- main-panel-content rounded-window-bottom -->
        </div> <!-- panel -->
        <div panel-name="reporter-Assessment" class="panel">
          <div class="main-panel-header rounded-window-top">
            <span class="header-content">Reporter output for Assessment</span>
          </div> <!-- main-panel-header rounded-window-top -->
          <div class="main-panel-content rounded-window-bottom">
          </div> <!-- main-panel-content rounded-window-bottom -->
        </div> <!-- panel -->
        <div panel-name="ignored-methods-Assessment" class="panel">
          <div class="main-panel-header rounded-window-top">
            <span class="header-content">0 ignored methods</span>
          </div> <!-- main-panel-header rounded-window-top -->
          <div class="main-panel-content rounded-window-bottom">
          </div> <!-- main-panel-content rounded-window-bottom -->
        </div> <!-- panel -->
        <div panel-name="chronological-Assessment" class="panel">
          <div class="main-panel-header rounded-window-top">
            <span class="header-content">Methods in chronological order</span>
          </div> <!-- main-panel-header rounded-window-top -->
          <div class="main-panel-content rounded-window-bottom">
            <div class="chronological-class">
              <div class="chronological-class-name">com.lambda.test.Tests</div> <!-- chronological-class-name -->
              <div class="configuration-method before">
                <span class="method-name">setup(Chrome, 88.0, Windows 10)</span>
                <span class="method-start">0 ms</span>
              </div> <!-- configuration-method before -->
              <div class="configuration-method before">
                <span class="method-name">setup(Chrome, 88.0, Windows 10)</span>
                <span class="method-start">0 ms</span>
              </div> <!-- configuration-method before -->
              <div class="test-method">
                <img src="failed.png">
                </img>
                <span class="method-name">scenario2</span>
                <span class="method-start">22032 ms</span>
              </div> <!-- test-method -->
              <div class="test-method">
                <span class="method-name">scenario1</span>
                <span class="method-start">23682 ms</span>
              </div> <!-- test-method -->
              <div class="configuration-method after">
                <span class="method-name">tearDown</span>
                <span class="method-start">25813 ms</span>
              </div> <!-- configuration-method after -->
              <div class="configuration-method after">
                <img src="failed.png">
                </img>
                <span class="method-name">tearDown</span>
                <span class="method-start">25852 ms</span>
              </div> <!-- configuration-method after -->
              <div class="test-method">
                <span class="method-name">scenario3</span>
                <span class="method-start">25875 ms</span>
              </div> <!-- test-method -->
              <div class="configuration-method before">
                <span class="method-name">setup(MicrosoftEdge, 87.0, macOS Sierra)</span>
                <span class="method-start">26052 ms</span>
              </div> <!-- configuration-method before -->
              <div class="configuration-method before">
                <span class="method-name">setup(MicrosoftEdge, 87.0, macOS Sierra)</span>
                <span class="method-start">26053 ms</span>
              </div> <!-- configuration-method before -->
              <div class="test-method">
                <img src="failed.png">
                </img>
                <span class="method-name">scenario2</span>
                <span class="method-start">49725 ms</span>
              </div> <!-- test-method -->
              <div class="configuration-method after">
                <span class="method-name">tearDown</span>
                <span class="method-start">58718 ms</span>
              </div> <!-- configuration-method after -->
              <div class="configuration-method before">
                <span class="method-name">setup(MicrosoftEdge, 87.0, macOS Sierra)</span>
                <span class="method-start">58919 ms</span>
              </div> <!-- configuration-method before -->
              <div class="test-method">
                <img src="failed.png">
                </img>
                <span class="method-name">scenario1</span>
                <span class="method-start">71816 ms</span>
              </div> <!-- test-method -->
              <div class="configuration-method after">
                <span class="method-name">tearDown</span>
                <span class="method-start">73833 ms</span>
              </div> <!-- configuration-method after -->
              <div class="test-method">
                <img src="failed.png">
                </img>
                <span class="method-name">scenario3</span>
                <span class="method-start">91041 ms</span>
              </div> <!-- test-method -->
              <div class="configuration-method after">
                <span class="method-name">tearDown</span>
                <span class="method-start">100298 ms</span>
              </div> <!-- configuration-method after -->
              <div class="configuration-method before">
                <span class="method-name">setup(Firefox, 82.0, Windows 7)</span>
                <span class="method-start">100617 ms</span>
              </div> <!-- configuration-method before -->
              <div class="configuration-method before">
                <span class="method-name">setup(Firefox, 82.0, Windows 7)</span>
                <span class="method-start">100617 ms</span>
              </div> <!-- configuration-method before -->
              <div class="test-method">
                <span class="method-name">scenario1</span>
                <span class="method-start">120167 ms</span>
              </div> <!-- test-method -->
              <div class="configuration-method after">
                <span class="method-name">tearDown</span>
                <span class="method-start">121650 ms</span>
              </div> <!-- configuration-method after -->
              <div class="configuration-method before">
                <span class="method-name">setup(Firefox, 82.0, Windows 7)</span>
                <span class="method-start">122253 ms</span>
              </div> <!-- configuration-method before -->
              <div class="test-method">
                <img src="failed.png">
                </img>
                <span class="method-name">scenario2</span>
                <span class="method-start">139868 ms</span>
              </div> <!-- test-method -->
              <div class="configuration-method after">
                <span class="method-name">tearDown</span>
                <span class="method-start">144691 ms</span>
              </div> <!-- configuration-method after -->
              <div class="test-method">
                <img src="failed.png">
                </img>
                <span class="method-name">scenario3</span>
                <span class="method-start">157137 ms</span>
              </div> <!-- test-method -->
              <div class="configuration-method after">
                <span class="method-name">tearDown</span>
                <span class="method-start">161247 ms</span>
              </div> <!-- configuration-method after -->
              <div class="configuration-method before">
                <span class="method-name">setup(Internet Explorer, 11.0, Windows 10)</span>
                <span class="method-start">161833 ms</span>
              </div> <!-- configuration-method before -->
              <div class="configuration-method before">
                <span class="method-name">setup(Internet Explorer, 11.0, Windows 10)</span>
                <span class="method-start">161833 ms</span>
              </div> <!-- configuration-method before -->
              <div class="test-method">
                <img src="failed.png">
                </img>
                <span class="method-name">scenario2</span>
                <span class="method-start">169312 ms</span>
              </div> <!-- test-method -->
              <div class="configuration-method after">
                <span class="method-name">tearDown</span>
                <span class="method-start">177768 ms</span>
              </div> <!-- configuration-method after -->
              <div class="configuration-method before">
                <span class="method-name">setup(Internet Explorer, 11.0, Windows 10)</span>
                <span class="method-start">177845 ms</span>
              </div> <!-- configuration-method before -->
              <div class="test-method">
                <img src="failed.png">
                </img>
                <span class="method-name">scenario1</span>
                <span class="method-start">180890 ms</span>
              </div> <!-- test-method -->
              <div class="configuration-method after">
                <span class="method-name">tearDown</span>
                <span class="method-start">183561 ms</span>
              </div> <!-- configuration-method after -->
              <div class="test-method">
                <img src="failed.png">
                </img>
                <span class="method-name">scenario3</span>
                <span class="method-start">196838 ms</span>
              </div> <!-- test-method -->
              <div class="configuration-method after">
                <span class="method-name">tearDown</span>
                <span class="method-start">205196 ms</span>
              </div> <!-- configuration-method after -->
          </div> <!-- main-panel-content rounded-window-bottom -->
        </div> <!-- panel -->
      </div> <!-- main-panel-root -->
    </div> <!-- wrapper -->
  </body>
</html>
